c:\users\uw stars\source\repos\rubicscube\engine\x64\debug\keyboard.obj
c:\users\uw stars\source\repos\rubicscube\engine\x64\debug\main.obj
c:\users\uw stars\source\repos\rubicscube\engine\x64\debug\graphics.obj
c:\users\uw stars\source\repos\rubicscube\engine\x64\debug\recti.obj
c:\users\uw stars\source\repos\rubicscube\engine\x64\debug\rubicsface.obj
c:\users\uw stars\source\repos\rubicscube\engine\x64\debug\game.obj
c:\users\uw stars\source\repos\rubicscube\engine\x64\debug\mouse.obj
c:\users\uw stars\source\repos\rubicscube\engine\x64\debug\vei2.obj
c:\users\uw stars\source\repos\rubicscube\engine\x64\debug\dxerr.obj
c:\users\uw stars\source\repos\rubicscube\engine\x64\debug\mainwindow.obj
c:\users\uw stars\source\repos\rubicscube\engine\x64\debug\vc141.pdb
c:\users\uw stars\source\repos\rubicscube\engine\framebufferps.shh
c:\users\uw stars\source\repos\rubicscube\engine\framebuffervs.shh
c:\users\uw stars\source\repos\rubicscube\x64\debug\engine.ilk
c:\users\uw stars\source\repos\rubicscube\x64\debug\engine.exe
c:\users\uw stars\source\repos\rubicscube\x64\debug\engine.pdb
c:\users\uw stars\source\repos\rubicscube\engine\x64\debug\resource.res
c:\users\uw stars\source\repos\rubicscube\engine\x64\debug\vc141.idb
c:\users\uw stars\source\repos\rubicscube\engine\x64\debug\engine.tlog\cl.command.1.tlog
c:\users\uw stars\source\repos\rubicscube\engine\x64\debug\engine.tlog\cl.read.1.tlog
c:\users\uw stars\source\repos\rubicscube\engine\x64\debug\engine.tlog\cl.write.1.tlog
c:\users\uw stars\source\repos\rubicscube\engine\x64\debug\engine.tlog\fxc.command.1.tlog
c:\users\uw stars\source\repos\rubicscube\engine\x64\debug\engine.tlog\fxc.read.1.tlog
c:\users\uw stars\source\repos\rubicscube\engine\x64\debug\engine.tlog\fxc.write.1.tlog
c:\users\uw stars\source\repos\rubicscube\engine\x64\debug\engine.tlog\link.command.1.tlog
c:\users\uw stars\source\repos\rubicscube\engine\x64\debug\engine.tlog\link.read.1.tlog
c:\users\uw stars\source\repos\rubicscube\engine\x64\debug\engine.tlog\link.write.1.tlog
c:\users\uw stars\source\repos\rubicscube\engine\x64\debug\engine.tlog\rc.command.1.tlog
c:\users\uw stars\source\repos\rubicscube\engine\x64\debug\engine.tlog\rc.read.1.tlog
c:\users\uw stars\source\repos\rubicscube\engine\x64\debug\engine.tlog\rc.write.1.tlog
